<?xml version="1.0" encoding="UTF-8"?>
<beans xmlns="http://www.springframework.org/schema/beans"
       xmlns:xsi="http://www.w3.org/2001/XMLSchema-instance"
       xmlns:context="http://www.springframework.org/schema/context"
       xmlns:tx="http://www.springframework.org/schema/tx"
       xsi:schemaLocation="http://www.springframework.org/schema/beans http://www.springframework.org/schema/beans/spring-beans.xsd

		http://www.springframework.org/schema/tx http://www.springframework.org/schema/tx/spring-tx-3.2.xsd
		http://www.springframework.org/schema/context http://www.springframework.org/schema/context/spring-context.xsd">

    <context:property-placeholder
            location="classpath:jdbc-mysql.properties"
            ignore-unresolvable="true" ignore-resource-not-found="true" file-encoding="UTF-8" />

	<context:annotation-config />
	<context:component-scan base-package="com.yangyongqiang.frailty.dal"/>

    <bean id="adDataSource" class="com.mchange.v2.c3p0.ComboPooledDataSource"
          destroy-method="close">
        <property name="driverClass" value="${jdbc.driverClassName}" />
        <property name="jdbcUrl" value="${jdbc.um_rw.url}" />
        <property name="user" value="${jdbc.um_rw.username}" />
        <property name="password" value="${jdbc.um_rw.password}" />
        <property name="maxPoolSize" value="${jdbc.um_rw.maxPoolSize:10}" />
        <property name="maxIdleTime" value="${jdbc.um_rw.maxIdleTime:300}" />
    </bean>

    <tx:annotation-driven proxy-target-class="true" transaction-manager="umTransactionManager" />

    <bean id="umTransactionManager"
          class="org.springframework.jdbc.datasource.DataSourceTransactionManager">
        <property name="dataSource" ref="adDataSource" />
    </bean>

    <bean id="adSqlSessionFactory" class="org.mybatis.spring.SqlSessionFactoryBean">
        <property name="dataSource" ref="adDataSource" />
    </bean>

    <bean class="org.mybatis.spring.mapper.MapperScannerConfigurer">
        <property name="basePackage" value="com.yangyongqiang.frailty.dal.mapper" />
        <property name="sqlSessionFactoryBeanName" value="adSqlSessionFactory"/>
    </bean>

</beans>
